make all --print-data-base --no-builtin-variables --no-builtin-rules --question
# GNU Make 4.3
# Built for x86_64-pc-linux-gnu
# Copyright (C) 1988-2020 Free Software Foundation, Inc.
# License GPLv3+: GNU GPL version 3 or later <http://gnu.org/licenses/gpl.html>
# This is free software: you are free to change and redistribute it.
# There is NO WARRANTY, to the extent permitted by law.

# Make data base, printed on Thu Apr  3 15:13:02 2025

# Variables

# environment
GDK_BACKEND = x11
# environment
MEMORY_PRESSURE_WRITE = c29tZSAyMDAwMDAgMjAwMDAwMAA=
# environment
LC_ALL = C
# environment
GNOME_SHELL_SESSION_MODE = ubuntu
# makefile (from 'Makefile', line 10)
OBJDIR := obj
# environment
LC_NAME = pt_PT.UTF-8
# environment
LC_NUMERIC = pt_PT.UTF-8
# environment
VSCODE_CRASH_REPORTER_PROCESS_TYPE = extensionHost
# environment
VSCODE_CWD = /home/mikelitoris
# environment
LC_ADDRESS = pt_PT.UTF-8
# default
MAKE_COMMAND := make
# environment
QT_ACCESSIBILITY = 1
# automatic
@D = $(patsubst %/,%,$(dir $@))
# environment
VSCODE_HANDLES_UNCAUGHT_ERRORS = true
# default
.VARIABLES := 
# environment
PWD = /home/mikelitoris/42/Rank_4/CPPs/CPP_04/ex00
# automatic
%D = $(patsubst %/,%,$(dir $%))
# environment
XDG_DATA_DIRS = /usr/share/ubuntu:/usr/share/gnome:/usr/local/share/:/usr/share/:/var/lib/snapd/desktop
# automatic
^D = $(patsubst %/,%,$(dir $^))
# automatic
%F = $(notdir $%)
# environment
VSCODE_CODE_CACHE_PATH = /home/mikelitoris/.config/Code/CachedData/2fc07b811f760549dab9be9d2bedd06c51dfcb9a
# environment
LANG = C
# environment
XAUTHORITY = /run/user/1000/.mutter-Xwaylandauth.9WX132
# default
.LOADED := 
# default
.INCLUDE_DIRS = /usr/local/include /usr/include /usr/include
# environment
MEMORY_PRESSURE_WATCH = /sys/fs/cgroup/user.slice/user-1000.slice/user@1000.service/app.slice/app-gnome\x2dsession\x2dmanager.slice/gnome-session-manager@ubuntu.service/memory.pressure
# makefile
MAKEFLAGS = pqrR
# makefile (from 'Makefile', line 25)
BLUE := \033[34m
# environment
DBUS_STARTER_ADDRESS = unix:path=/run/user/1000/bus,guid=5e1272ca3b274fd5386592b767ee93bb
# makefile
CURDIR := /home/mikelitoris/42/Rank_4/CPPs/CPP_04/ex00
# environment
APPLICATION_INSIGHTS_NO_DIAGNOSTIC_CHANNEL = true
# environment
LESSOPEN = | /usr/bin/lesspipe %s
# makefile (from 'Makefile', line 14)
SRCS := main.cpp Animal.cpp Dog.cpp Cat.cpp 
# environment
VSCODE_L10N_BUNDLE_LOCATION = 
# automatic
*D = $(patsubst %/,%,$(dir $*))
# environment
MFLAGS = -pqrR
# environment
SSH_AUTH_SOCK = /run/user/1000/keyring/ssh
# default
.SHELLFLAGS := -c
# environment
WAYLAND_DISPLAY = wayland-0
# environment
XDG_CONFIG_DIRS = /etc/xdg/xdg-ubuntu:/etc/xdg
# automatic
+D = $(patsubst %/,%,$(dir $+))
# environment
XDG_SESSION_DESKTOP = ubuntu
# makefile (from 'Makefile', line 1)
MAKEFILE_LIST := Makefile
# automatic
@F = $(notdir $@)
# environment
VSCODE_PID = 42466
# environment
XDG_SESSION_TYPE = wayland
# automatic
?D = $(patsubst %/,%,$(dir $?))
# environment
SESSION_MANAGER = local/mikelitoris-ASUS-EXPERTBOOK-B1402CBA:@/tmp/.ICE-unix/39488,unix/mikelitoris-ASUS-EXPERTBOOK-B1402CBA:/tmp/.ICE-unix/39488
# automatic
*F = $(notdir $*)
# environment
CHROME_DESKTOP = code.desktop
# environment
DBUS_SESSION_BUS_ADDRESS = unix:path=/run/user/1000/bus,guid=5e1272ca3b274fd5386592b767ee93bb
# automatic
<D = $(patsubst %/,%,$(dir $<))
# environment
VSCODE_NLS_CONFIG = {"userLocale":"en-us","osLocale":"en-us","resolvedLanguage":"en","defaultMessagesFile":"/usr/share/code/resources/app/out/nls.messages.json","locale":"en-us","availableLanguages":{}}
# default
MAKE_HOST := x86_64-pc-linux-gnu
# makefile (from 'Makefile', line 19)
OBJS := main.cpp Animal.cpp Dog.cpp Cat.cpp
# environment
GNOME_DESKTOP_SESSION_ID = this-is-deprecated
# makefile
SHELL = /bin/sh
# default
MAKECMDGOALS := all
# environment
XMODIFIERS = @im=ibus
# environment
SHLVL = 0
# makefile (from 'Makefile', line 23)
BOLD := \033[1m
# environment
MAKELEVEL := 0
# environment
IM_CONFIG_CHECK_ENV = 1
# default
MAKE = $(MAKE_COMMAND)
# environment
PATH = /home/mikelitoris/.local/bin:/home/mikelitoris/.local/bin:/home/mikelitoris/.cargo/bin:/home/mikelitoris/.local/bin:/usr/local/sbin:/usr/local/bin:/usr/sbin:/usr/bin:/sbin:/bin:/usr/games:/usr/local/games:/snap/bin:/snap/bin:/home/mikelitoris/.local/bin:/home/mikelitoris/.local/bin:/home/mikelitoris/.local/bin:/home/mikelitoris/.venv/bin:/home/mikelitoris/.local/bin
# default
MAKEFILES := 
# environment
LC_MONETARY = pt_PT.UTF-8
# automatic
^F = $(notdir $^)
# makefile (from 'Makefile', line 26)
YELLOW := \033[33m
# environment
LC_TIME = pt_PT.UTF-8
# environment
INVOCATION_ID = 842ba2b7235d46e094db92909be5e1ab
# environment
USERNAME = mikelitoris
# makefile (from 'Makefile', line 24)
GREEN := \033[32m
# environment
GNOME_SETUP_DISPLAY = :1
# environment
LC_TELEPHONE = pt_PT.UTF-8
# environment
LESSCLOSE = /usr/bin/lesspipe %s %s
# automatic
?F = $(notdir $?)
# makefile (from 'Makefile', line 6)
NAME := ex03
# environment
XDG_CURRENT_DESKTOP = Unity
# automatic
+F = $(notdir $+)
# environment
DESKTOP_SESSION = ubuntu
# environment
ORIGINAL_XDG_CURRENT_DESKTOP = ubuntu:GNOME
# 'override' directive
GNUMAKEFLAGS := 
# environment
LOGNAME = mikelitoris
# environment
GIO_LAUNCHED_DESKTOP_FILE = /usr/share/applications/code.desktop
# makefile
.DEFAULT_GOAL := all
# environment
SYSTEMD_EXEC_PID = 39488
# makefile (from 'Makefile', line 27)
RED := \033[31m
# environment
DISPLAY = :0
# environment
USER = mikelitoris
# environment
GTK_MODULES = gail:atk-bridge
# default
MAKE_VERSION := 4.3
# environment
MANAGERPID = 34868
# environment
DBUS_STARTER_BUS_TYPE = session
# environment
DEBUGINFOD_URLS = https://debuginfod.ubuntu.com 
# environment
LC_MEASUREMENT = pt_PT.UTF-8
# environment
GIO_LAUNCHED_DESKTOP_FILE_PID = 42466
# environment
_ = /usr/share/code/code
# makefile (from 'Makefile', line 22)
RESET := \033[0m
# environment
LC_PAPER = pt_PT.UTF-8
# environment
XDG_RUNTIME_DIR = /run/user/1000
# environment
LC_CTYPE = pt_PT.UTF-8
# environment
JOURNAL_STREAM = 8:331327
# environment
XDG_SESSION_CLASS = user
# environment
GSM_SKIP_SSH_AGENT_WORKAROUND = true
# environment
HOME = /home/mikelitoris
# environment
QT_IM_MODULE = ibus
# makefile (from 'Makefile', line 11)
INCDIR := include
# environment
ELECTRON_RUN_AS_NODE = 1
# environment
VSCODE_IPC_HOOK = /run/user/1000/vscode-af1ed2d2-1.98-main.sock
# makefile (from 'Makefile', line 9)
SRCDIR := source
# environment
IM_CONFIG_PHASE = 1
# default
.RECIPEPREFIX := 
# automatic
<F = $(notdir $<)
# default
SUFFIXES := 
# makefile (from 'Makefile', line 3)
CXXFLAGS := -Wall -Wextra -Werror -std=c++98
# default
.FEATURES := target-specific order-only second-expansion else-if shortest-stem undefine oneshell nocomment grouped-target extra-prereqs archives jobserver output-sync check-symlink load
# makefile (from 'Makefile', line 2)
CXX := c++
# environment
XDG_MENU_PREFIX = gnome-
# environment
VSCODE_ESM_ENTRYPOINT = vs/workbench/api/node/extensionHostProcess
# environment
GDMSESSION = ubuntu
# environment
LC_IDENTIFICATION = pt_PT.UTF-8
# variable set hash-table stats:
# Load=122/1024=12%, Rehash=0, Collisions=11/176=6%

# Pattern-specific Variable Values

# No pattern-specific variable values.

# Directories

# . (device 66306, inode 32114208): 11 files, no impossibilities.
# source: could not be stat'd.

# 11 files, no impossibilities in 2 directories.

# Implicit Rules

obj/%.o: source/%.cpp | obj
#  recipe to execute (from 'Makefile', line 42):
	@echo -e "$(BOLD)$(YELLOW)[Compiling]$(RESET) $<"
	@$(CXX) $(CXXFLAGS) -I$(INCDIR) -c $< -o $@

# 1 implicit rules, 0 (0.0%) terminal.
# Files

# Not a target:
Dog.cpp:
#  Implicit rule search has been done.
 
#  Last modified 2025-04-02 14:36:07.053614067
#  File has been updated.
#  Successfully updated.

# Not a target:
Makefile:
#  Implicit rule search has been done.
#  Last modified 2025-04-02 14:26:09.541237212
#  File has been updated.
#  Successfully updated.

clean:
#  Phony target (prerequisite of .PHONY).
#  Implicit rule search has not been done.
#  File does not exist.
#  File has not been updated.
#  recipe to execute (from 'Makefile', line 51):
	@echo -e "$(BOLD)$(RED)[Cleaning]$(RESET) object files..."
	@rm -rf $(OBJDIR)

re: fclean all
#  Phony target (prerequisite of .PHONY).
#  Implicit rule search has not been done.
#  File does not exist.
#  File has not been updated.

obj:
#  Implicit rule search has not been done.
#  Modification time never checked.
#  File has not been updated.
#  recipe to execute (from 'Makefile', line 47):
	@mkdir -p $(OBJDIR)

# Not a target:
.DEFAULT:
#  Implicit rule search has not been done.
#  Modification time never checked.
#  File has not been updated.

all: ex03
#  Phony target (prerequisite of .PHONY).
#  Command line target.
#  Implicit rule search has not been done.
#  File does not exist.
#  File has been updated.
#  Needs to be updated (-q is set).
# variable set hash-table stats:
# Load=0/32=0%, Rehash=0, Collisions=0/14=0%

fclean: clean
#  Phony target (prerequisite of .PHONY).
#  Implicit rule search has not been done.
#  File does not exist.
#  File has not been updated.
#  recipe to execute (from 'Makefile', line 56):
	@echo -e "$(BOLD)$(RED)[Cleaning]$(RESET) executable..."
	@rm -f $(NAME)

run: all
#  Phony target (prerequisite of .PHONY).
#  Implicit rule search has not been done.
#  File does not exist.
#  File has not been updated.
#  recipe to execute (from 'Makefile', line 64):
	@echo -e "$(BOLD)$(GREEN)[Running]$(RESET) $(NAME)...\n"
	@./$(NAME)

# Not a target:
Cat.cpp:
#  Implicit rule search has been done.
#  Last modified 2025-04-02 14:35:55.478396288
#  File has been updated.
#  Successfully updated.

# Not a target:
main.cpp:
#  Implicit rule search has been done.
#  Last modified 2025-04-02 14:22:29.153921546
#  File has been updated.
#  Successfully updated.

# Not a target:
Animal.cpp:
#  Implicit rule search has been done.
#  Last modified 2025-04-02 14:19:14.296382227
#  File has been updated.
#  Successfully updated.

ex03: main.cpp Animal.cpp Dog.cpp Cat.cpp
#  Implicit rule search has not been done.
#  Implicit/static pattern stem: ''
#  File does not exist.
#  File has been updated.
#  Needs to be updated (-q is set).
# automatic
# @ := ex03
# automatic
# * := 
# automatic
# < := main.cpp
# automatic
# + := main.cpp Animal.cpp Dog.cpp Cat.cpp
# automatic
# % := 
# automatic
# ^ := main.cpp Animal.cpp Dog.cpp Cat.cpp
# automatic
# ? := main.cpp Animal.cpp Dog.cpp Cat.cpp
# automatic
# | := 
# variable set hash-table stats:
# Load=8/32=25%, Rehash=0, Collisions=6/22=27%
#  recipe to execute (from 'Makefile', line 36):
	@echo -e "$(BOLD)$(BLUE)[Linking]$(RESET) $(NAME)..."
	@$(CXX) $(CXXFLAGS) $(OBJS) -o $(NAME)
	@echo -e "$(BOLD)$(GREEN)[✓] Build successful!$(RESET)"

# Not a target:
.SUFFIXES:
#  Implicit rule search has not been done.
#  Modification time never checked.
#  File has not been updated.

.PHONY: all clean fclean re run
#  Implicit rule search has not been done.
#  Modification time never checked.
#  File has not been updated.

# files hash-table stats:
# Load=15/1024=1%, Rehash=0, Collisions=0/42=0%
# VPATH Search Paths

# No 'vpath' search paths.

# No general ('VPATH' variable) search path.

# strcache buffers: 1 (0) / strings = 26 / storage = 204 B / avg = 7 B
# current buf: size = 8162 B / used = 204 B / count = 26 / avg = 7 B

# strcache performance: lookups = 55 / hit rate = 52%
# hash-table stats:
# Load=26/8192=0%, Rehash=0, Collisions=0/55=0%
# Finished Make data base on Thu Apr  3 15:13:02 2025

 
